<?xml version="1.0" encoding="UTF-8"?>
<!-- Generated by org.testng.reporters.JUnitReportReporter -->
<testsuite hostname="INDIA-PC" name="com.hrms.testscripts.TC_102" tests="1" failures="0" timestamp="11 Aug 2017 06:57:51 GMT" time="8.881" errors="0">
  <testcase name="Tc_01" time="8.881" classname="com.hrms.testscripts.TC_102"/>
</testsuite> <!-- com.hrms.testscripts.TC_102 -->
