<?xml version="1.0" encoding="UTF-8"?>
<!-- Generated by org.testng.reporters.JUnitReportReporter -->
<testsuite hostname="INDIA-PC" name="com.hrms.testscripts.TC_105_LoginTng" tests="1" failures="0" timestamp="16 Jul 2017 17:40:08 GMT" time="6.387" errors="0">
  <testcase name="login" time="6.387" classname="com.hrms.testscripts.TC_105_LoginTng"/>
</testsuite> <!-- com.hrms.testscripts.TC_105_LoginTng -->
