<?xml version="1.0" encoding="UTF-8"?>
<!-- Generated by org.testng.reporters.JUnitReportReporter -->
<testsuite hostname="INDIA-PC" name="com.hrms.testscripts.TC_101" tests="1" failures="0" timestamp="11 Aug 2017 06:57:51 GMT" time="8.540" errors="0">
  <testcase name="meth1" time="8.540" classname="com.hrms.testscripts.TC_101"/>
</testsuite> <!-- com.hrms.testscripts.TC_101 -->
